<?xml version="1.0" encoding="UTF-8"?>
<testsuite xmlns:xsi="http://www.w3.org/2001/XMLSchema-instance" xsi:noNamespaceSchemaLocation="https://maven.apache.org/surefire/maven-surefire-plugin/xsd/surefire-test-report.xsd" version="3.0.2" name="com.unipiloto.APPET_FT.AppetFtApplicationTests" time="3.558" tests="1" errors="0" skipped="0" failures="0">
  <properties>
[...]
</properties>
  <testcase name="contextLoads" classname="com.unipiloto.APPET_FT.AppetFtApplicationTests" time="0.239">
    <system-out><![CDATA[10:42:31.131 [main] INFO org.springframework.test.context.support.AnnotationConfigContextLoaderUtils -- Could not detect default configuration classes for test class [com.unipiloto.APPET_FT.AppetFtApplicationTests]: AppetFtApplicationTests does not declare any static, non-private, non-final, nested classes annotated with @Configuration.
10:42:31.190 [main] INFO org.springframework.boot.test.context.SpringBootTestContextBootstrapper -- Found @SpringBootConfiguration com.unipiloto.APPET_FT.AppetFtApplication for test class com.unipiloto.APPET_FT.AppetFtApplicationTests

  .   ____          _            __ _ _
 /\\ / ___'_ __ _ _(_)_ __  __ _ \ \ \ \
( ( )\___ | '_ | '_| | '_ \/ _` | \ \ \ \
 \\/  ___)| |_)| | | | | || (_| |  ) ) ) )
  '  |____| .__|_| |_|_| |_\__, | / / / /
 =========|_|==============|___/=/_/_/_/

 :: Spring Boot ::                (v3.4.3)

2025-05-18T10:42:31.451-05:00  INFO 15208 --- [           main] c.u.APPET_FT.AppetFtApplicationTests     : Starting AppetFtApplicationTests using Java 17.0.12 with PID 15208 (started by RayAj in C:\Users\RayAj\Documents\Arquitectura de Software\Appet_backend)
2025-05-18T10:42:31.451-05:00  INFO 15208 --- [           main] c.u.APPET_FT.AppetFtApplicationTests     : No active profile set, falling back to 1 default profile: "default"
2025-05-18T10:42:31.799-05:00  INFO 15208 --- [           main] .s.d.r.c.RepositoryConfigurationDelegate : Bootstrapping Spring Data JPA repositories in DEFAULT mode.
2025-05-18T10:42:31.846-05:00  INFO 15208 --- [           main] .s.d.r.c.RepositoryConfigurationDelegate : Finished Spring Data repository scanning in 41 ms. Found 8 JPA repository interfaces.
2025-05-18T10:42:32.113-05:00  INFO 15208 --- [           main] o.hibernate.jpa.internal.util.LogHelper  : HHH000204: Processing PersistenceUnitInfo [name: default]
2025-05-18T10:42:32.142-05:00  INFO 15208 --- [           main] org.hibernate.Version                    : HHH000412: Hibernate ORM core version 6.6.8.Final
2025-05-18T10:42:32.160-05:00  INFO 15208 --- [           main] o.h.c.internal.RegionFactoryInitiator    : HHH000026: Second-level cache disabled
2025-05-18T10:42:32.340-05:00  INFO 15208 --- [           main] o.s.o.j.p.SpringPersistenceUnitInfo      : No LoadTimeWeaver setup: ignoring JPA class transformer
2025-05-18T10:42:32.359-05:00  INFO 15208 --- [           main] com.zaxxer.hikari.HikariDataSource       : HikariPool-1 - Starting...
2025-05-18T10:42:32.471-05:00  INFO 15208 --- [           main] com.zaxxer.hikari.pool.HikariPool        : HikariPool-1 - Added connection org.postgresql.jdbc.PgConnection@4b5798c2
2025-05-18T10:42:32.473-05:00  INFO 15208 --- [           main] com.zaxxer.hikari.HikariDataSource       : HikariPool-1 - Start completed.
2025-05-18T10:42:32.493-05:00  WARN 15208 --- [           main] org.hibernate.orm.deprecation            : HHH90000025: PostgreSQLDialect does not need to be specified explicitly using 'hibernate.dialect' (remove the property setting and it will be selected by default)
2025-05-18T10:42:32.503-05:00  INFO 15208 --- [           main] org.hibernate.orm.connections.pooling    : HHH10001005: Database info:
	Database JDBC URL [Connecting through datasource 'HikariDataSource (HikariPool-1)']
	Database driver: undefined/unknown
	Database version: 17.4
	Autocommit mode: undefined/unknown
	Isolation level: undefined/unknown
	Minimum pool size: undefined/unknown
	Maximum pool size: undefined/unknown
2025-05-18T10:42:33.074-05:00  INFO 15208 --- [           main] o.h.e.t.j.p.i.JtaPlatformInitiator       : HHH000489: No JTA platform available (set 'hibernate.transaction.jta.platform' to enable JTA platform integration)
2025-05-18T10:42:33.326-05:00  INFO 15208 --- [           main] j.LocalContainerEntityManagerFactoryBean : Initialized JPA EntityManagerFactory for persistence unit 'default'
2025-05-18T10:42:33.475-05:00  INFO 15208 --- [           main] o.s.d.j.r.query.QueryEnhancerFactory     : Hibernate is in classpath; If applicable, HQL parser will be used.
2025-05-18T10:42:34.144-05:00  WARN 15208 --- [           main] JpaBaseConfiguration$JpaWebConfiguration : spring.jpa.open-in-view is enabled by default. Therefore, database queries may be performed during view rendering. Explicitly configure spring.jpa.open-in-view to disable this warning
2025-05-18T10:42:34.354-05:00  INFO 15208 --- [           main] c.u.APPET_FT.AppetFtApplicationTests     : Started AppetFtApplicationTests in 3.078 seconds (process running for 3.596)
]]></system-out>
  </testcase>
</testsuite>